<?xml version="1.0" encoding="UTF-8"?>
<!-- Generated by org.testng.reporters.JUnitReportReporter -->
<testsuite hostname="KAI-DT136" name="com.SchoolOfDragons.SchoolOfDragons_Live_CreateAge13AuthorisedUser.TestCase8" tests="1" failures="0" timestamp="9 May 2016 08:07:05 GMT" time="159.417" errors="0">
  <testcase name="createNewUserAge12" time="159.417" classname="com.SchoolOfDragons.SchoolOfDragons_Live_CreateAge13AuthorisedUser.TestCase8"/>
</testsuite> <!-- com.SchoolOfDragons.SchoolOfDragons_Live_CreateAge13AuthorisedUser.TestCase8 -->
